<?xml version="1.0" encoding="UTF-8"?>
<testng-results skipped="0" failed="0" ignored="0" total="1" passed="1">
  <reporter-output>
  </reporter-output>
  <suite name="Default suite" duration-ms="40448" started-at="2019-08-27T00:51:34Z" finished-at="2019-08-27T00:52:15Z">
    <groups>
    </groups>
    <test name="Default test" duration-ms="40448" started-at="2019-08-27T00:51:34Z" finished-at="2019-08-27T00:52:15Z">
      <class name="com.facebook.test.WallethubReviewTest">
        <test-method status="PASS" signature="setup()[pri:0, instance:com.facebook.test.WallethubReviewTest@59f99ea]" name="setup" is-config="true" duration-ms="12484" started-at="2019-08-27T00:51:34Z" finished-at="2019-08-27T00:51:47Z">
          <reporter-output>
          </reporter-output>
        </test-method> <!-- setup -->
        <test-method status="PASS" signature="test_reviewpost()[pri:0, instance:com.facebook.test.WallethubReviewTest@59f99ea]" name="test_reviewpost" duration-ms="27910" started-at="2019-08-27T00:51:47Z" finished-at="2019-08-27T00:52:15Z">
          <reporter-output>
          </reporter-output>
        </test-method> <!-- test_reviewpost -->
      </class> <!-- com.facebook.test.WallethubReviewTest -->
    </test> <!-- Default test -->
  </suite> <!-- Default suite -->
</testng-results>
